生成启动时间为 2022/1/22 22:26:00。
     1>项目“D:\cloudcompare\CloudCompare-2.11.1\CloudCompare_develop\build\CC\CC_CORE_LIB.vcxproj”在节点 2 上(Build 个目标)。
     1>PreBuildEvent:
         setlocal
         cd D:\cloudcompare\CloudCompare-2.11.1\CloudCompare_develop\build\CC
         if %errorlevel% neq 0 goto :cmEnd
         D:
         if %errorlevel% neq 0 goto :cmEnd
         F:\cmake-3.15.1-win64-x64\bin\cmake.exe -E cmake_autogen D:/cloudcompare/CloudCompare-2.11.1/CloudCompare_develop/build/CC/CMakeFiles/CC_CORE_LIB_autogen.dir/AutogenInfo.cmake Release
         if %errorlevel% neq 0 goto :cmEnd
         :cmEnd
         endlocal & call :cmErrorLevel %errorlevel% & goto :cmDone
         :cmErrorLevel
         exit /b %1
         :cmDone
         if %errorlevel% neq 0 goto :VCEnd
         :VCEnd
       ClCompile:
         C:\Program Files (x86)\Microsoft Visual Studio 14.0\VC\bin\x86_amd64\CL.exe /c /I"D:\cloudcompare\CloudCompare-2.11.1\CloudCompare_develop\build\CC" /I"D:\cloudcompare\CloudCompare-2.11.1\CloudCompare_develop\CC" /I"D:\cloudcompare\CloudCompare-2.11.1\CloudCompare_develop\build\CC\CC_CORE_LIB_autogen\include_Release" /ID:\Qt\Qt5.7.0\5.7\msvc2015_64\include\QtOpenGL /ID:\Qt\Qt5.7.0\5.7\msvc2015_64\include\QtPrintSupport /I"D:\cloudcompare\CloudCompare-2.11.1\CloudCompare_develop\CC\include" /ID:\Qt\Qt5.7.0\5.7\msvc2015_64\include /ID:\Qt\Qt5.7.0\5.7\msvc2015_64\include\QtWidgets /ID:\Qt\Qt5.7.0\5.7\msvc2015_64\include\QtGui /ID:\Qt\Qt5.7.0\5.7\msvc2015_64\include\QtCore /I"D:\Qt\Qt5.7.0\5.7\msvc2015_64\.\mkspecs\win32-msvc2015" /ID:\Qt\Qt5.7.0\5.7\msvc2015_64\include\QtConcurrent /nologo /W3 /WX- /O2 /Ob2 /D WIN32 /D _WINDOWS /D NDEBUG /D _SECURE_SCL=0 /D USE_QT /D _CRT_SECURE_NO_WARNINGS /D NOMINMAX /D __STDC_LIMIT_MACROS /D SCALAR_TYPE_FLOAT /D QT_USE_QSTRINGBUILDER /D QT_CORE_LIB /D QT_NO_DEBUG /D QT_WIDGETS_LIB /D QT_GUI_LIB /D QT_CONCURRENT_LIB /D "CMAKE_INTDIR=\"Release\"" /D CC_CORE_LIB_EXPORTS /D _WINDLL /D _MBCS /Gm- /EHsc /MD /GS /fp:precise /Zc:wchar_t /Zc:forScope /Zc:inline /GR /openmp /Fo"CC_CORE_LIB.dir\Release\\" /Fd"CC_CORE_LIB.dir\Release\vc140.pdb" /Gd /TP /errorReport:prompt "D:\cloudcompare\CloudCompare-2.11.1\CloudCompare_develop\build\CC\CC_CORE_LIB_autogen\mocs_compilation.cpp" "D:\cloudcompare\CloudCompare-2.11.1\CloudCompare_develop\CC\src\AutoSegmentationTools.cpp" "D:\cloudcompare\CloudCompare-2.11.1\CloudCompare_develop\CC\src\BoundingBox.cpp" "D:\cloudcompare\CloudCompare-2.11.1\CloudCompare_develop\CC\src\CCMiscTools.cpp" "D:\cloudcompare\CloudCompare-2.11.1\CloudCompare_develop\CC\src\CCShareable.cpp" "D:\cloudcompare\CloudCompare-2.11.1\CloudCompare_develop\CC\src\ChamferDistanceTransform.cpp" "D:\cloudcompare\CloudCompare-2.11.1\CloudCompare_develop\CC\src\CloudSamplingTools.cpp" "D:\cloudcompare\CloudCompare-2.11.1\CloudCompare_develop\CC\src\Delaunay2dMesh.cpp" "D:\cloudcompare\CloudCompare-2.11.1\CloudCompare_develop\CC\src\DgmOctree.cpp" "D:\cloudcompare\CloudCompare-2.11.1\CloudCompare_develop\CC\src\DgmOctreeReferenceCloud.cpp" "D:\cloudcompare\CloudCompare-2.11.1\CloudCompare_develop\CC\src\DistanceComputationTools.cpp" "D:\cloudcompare\CloudCompare-2.11.1\CloudCompare_develop\CC\src\ErrorFunction.cpp" "D:\cloudcompare\CloudCompare-2.11.1\CloudCompare_develop\CC\src\FastMarching.cpp" "D:\cloudcompare\CloudCompare-2.11.1\CloudCompare_develop\CC\src\FastMarchingForPropagation.cpp" "D:\cloudcompare\CloudCompare-2.11.1\CloudCompare_develop\CC\src\GeometricalAnalysisTools.cpp" "D:\cloudcompare\CloudCompare-2.11.1\CloudCompare_develop\CC\src\KdTree.cpp" "D:\cloudcompare\CloudCompare-2.11.1\CloudCompare_develop\CC\src\LocalModel.cpp" "D:\cloudcompare\CloudCompare-2.11.1\CloudCompare_develop\CC\src\ManualSegmentationTools.cpp" "D:\cloudcompare\CloudCompare-2.11.1\CloudCompare_develop\CC\src\MeshSamplingTools.cpp" "D:\cloudcompare\CloudCompare-2.11.1\CloudCompare_develop\CC\src\Neighbourhood.cpp" "D:\cloudcompare\CloudCompare-2.11.1\CloudCompare_develop\CC\src\NormalDistribution.cpp" "D:\cloudcompare\CloudCompare-2.11.1\CloudCompare_develop\CC\src\NormalizedProgress.cpp" "D:\cloudcompare\CloudCompare-2.11.1\CloudCompare_develop\CC\src\PointProjectionTools.cpp" "D:\cloudcompare\CloudCompare-2.11.1\CloudCompare_develop\CC\src\Polyline.cpp" "D:\cloudcompare\CloudCompare-2.11.1\CloudCompare_develop\CC\src\ReferenceCloud.cpp" "D:\cloudcompare\CloudCompare-2.11.1\CloudCompare_develop\CC\src\RegistrationTools.cpp" "D:\cloudcompare\CloudCompare-2.11.1\CloudCompare_develop\CC\src\SaitoSquaredDistanceTransform.cpp" "D:\cloudcompare\CloudCompare-2.11.1\CloudCompare_develop\CC\src\ScalarField.cpp" "D:\cloudcompare\CloudCompare-2.11.1\CloudCompare_develop\CC\src\ScalarFieldTools.cpp" "D:\cloudcompare\CloudCompare-2.11.1\CloudCompare_develop\CC\src\SimpleMesh.cpp" "D:\cloudcompare\CloudCompare-2.11.1\CloudCompare_develop\CC\src\StatisticalTestingTools.cpp" "D:\cloudcompare\CloudCompare-2.11.1\CloudCompare_develop\CC\src\TrueKdTree.cpp" "D:\cloudcompare\CloudCompare-2.11.1\CloudCompare_develop\CC\src\WeibullDistribution.cpp"
         mocs_compilation.cpp
         AutoSegmentationTools.cpp
         BoundingBox.cpp
         CCMiscTools.cpp
         CCShareable.cpp
         ChamferDistanceTransform.cpp
         CloudSamplingTools.cpp
         Delaunay2dMesh.cpp
         DgmOctree.cpp
         DgmOctreeReferenceCloud.cpp
         DistanceComputationTools.cpp
         ErrorFunction.cpp
         FastMarching.cpp
         FastMarchingForPropagation.cpp
         GeometricalAnalysisTools.cpp
         KdTree.cpp
         LocalModel.cpp
         ManualSegmentationTools.cpp
         MeshSamplingTools.cpp
         Neighbourhood.cpp
     1>D:\cloudcompare\CloudCompare-2.11.1\CloudCompare_develop\CC\src\Neighbourhood.cpp : warning C4819: 该文件包含不能在当前代码页(936)中表示的字符。请将该文件保存为 Unicode 格式以防止数据丢失
         正在生成代码...
         正在编译...
         NormalDistribution.cpp
         NormalizedProgress.cpp
         PointProjectionTools.cpp
         Polyline.cpp
         ReferenceCloud.cpp
         RegistrationTools.cpp
         SaitoSquaredDistanceTransform.cpp
         ScalarField.cpp
         ScalarFieldTools.cpp
         SimpleMesh.cpp
         StatisticalTestingTools.cpp
         TrueKdTree.cpp
         WeibullDistribution.cpp
         正在生成代码...
       Link:
         C:\Program Files (x86)\Microsoft Visual Studio 14.0\VC\bin\x86_amd64\link.exe /ERRORREPORT:PROMPT /OUT:"D:\cloudcompare\CloudCompare-2.11.1\CloudCompare_develop\build\CC\Release\CC_CORE_LIB.dll" /INCREMENTAL:NO /NOLOGO /NATVIS:"D:\cloudcompare\CloudCompare-2.11.1\CloudCompare_develop\scripts\windows\qt5.natvis" D:\Qt\Qt5.7.0\5.7\msvc2015_64\lib\Qt5Widgets.lib D:\Qt\Qt5.7.0\5.7\msvc2015_64\lib\Qt5Concurrent.lib D:\Qt\Qt5.7.0\5.7\msvc2015_64\lib\Qt5Gui.lib D:\Qt\Qt5.7.0\5.7\msvc2015_64\lib\Qt5Core.lib kernel32.lib user32.lib gdi32.lib winspool.lib shell32.lib ole32.lib oleaut32.lib uuid.lib comdlg32.lib advapi32.lib /MANIFEST /MANIFESTUAC:"level='asInvoker' uiAccess='false'" /manifest:embed /PDB:"D:/cloudcompare/CloudCompare-2.11.1/CloudCompare_develop/build/CC/Release/CC_CORE_LIB.pdb" /SUBSYSTEM:CONSOLE /TLBID:1 /DYNAMICBASE /NXCOMPAT /IMPLIB:"D:/cloudcompare/CloudCompare-2.11.1/CloudCompare_develop/build/CC/Release/CC_CORE_LIB.lib" /MACHINE:X64  /machine:x64 /DLL CC_CORE_LIB.dir\Release\mocs_compilation.obj
         CC_CORE_LIB.dir\Release\AutoSegmentationTools.obj
         CC_CORE_LIB.dir\Release\BoundingBox.obj
         CC_CORE_LIB.dir\Release\CCMiscTools.obj
         CC_CORE_LIB.dir\Release\CCShareable.obj
         CC_CORE_LIB.dir\Release\ChamferDistanceTransform.obj
         CC_CORE_LIB.dir\Release\CloudSamplingTools.obj
         CC_CORE_LIB.dir\Release\Delaunay2dMesh.obj
         CC_CORE_LIB.dir\Release\DgmOctree.obj
         CC_CORE_LIB.dir\Release\DgmOctreeReferenceCloud.obj
         CC_CORE_LIB.dir\Release\DistanceComputationTools.obj
         CC_CORE_LIB.dir\Release\ErrorFunction.obj
         CC_CORE_LIB.dir\Release\FastMarching.obj
         CC_CORE_LIB.dir\Release\FastMarchingForPropagation.obj
         CC_CORE_LIB.dir\Release\GeometricalAnalysisTools.obj
         CC_CORE_LIB.dir\Release\KdTree.obj
         CC_CORE_LIB.dir\Release\LocalModel.obj
         CC_CORE_LIB.dir\Release\ManualSegmentationTools.obj
         CC_CORE_LIB.dir\Release\MeshSamplingTools.obj
         CC_CORE_LIB.dir\Release\Neighbourhood.obj
         CC_CORE_LIB.dir\Release\NormalDistribution.obj
         CC_CORE_LIB.dir\Release\NormalizedProgress.obj
         CC_CORE_LIB.dir\Release\PointProjectionTools.obj
         CC_CORE_LIB.dir\Release\Polyline.obj
         CC_CORE_LIB.dir\Release\ReferenceCloud.obj
         CC_CORE_LIB.dir\Release\RegistrationTools.obj
         CC_CORE_LIB.dir\Release\SaitoSquaredDistanceTransform.obj
         CC_CORE_LIB.dir\Release\ScalarField.obj
         CC_CORE_LIB.dir\Release\ScalarFieldTools.obj
         CC_CORE_LIB.dir\Release\SimpleMesh.obj
         CC_CORE_LIB.dir\Release\StatisticalTestingTools.obj
         CC_CORE_LIB.dir\Release\TrueKdTree.obj
         CC_CORE_LIB.dir\Release\WeibullDistribution.obj
           正在创建库 D:/cloudcompare/CloudCompare-2.11.1/CloudCompare_develop/build/CC/Release/CC_CORE_LIB.lib 和对象 D:/cloudcompare/CloudCompare-2.11.1/CloudCompare_develop/build/CC/Release/CC_CORE_LIB.exp
         CC_CORE_LIB.vcxproj -> D:\cloudcompare\CloudCompare-2.11.1\CloudCompare_develop\build\CC\Release\CC_CORE_LIB.dll
     1>已完成生成项目“D:\cloudcompare\CloudCompare-2.11.1\CloudCompare_develop\build\CC\CC_CORE_LIB.vcxproj”(Build 个目标)的操作。

已成功生成。

已用时间 00:00:18.99
