生成启动时间为 2022/1/22 22:30:09。
     1>项目“D:\cloudcompare\CloudCompare-2.11.1\CloudCompare_develop\build\ccViewer\ccViewer.vcxproj”在节点 3 上(Build 个目标)。
     1>ClCompile:
         C:\Program Files (x86)\Microsoft Visual Studio 14.0\VC\bin\x86_amd64\CL.exe /c /I"D:\cloudcompare\CloudCompare-2.11.1\CloudCompare_develop\build\ccViewer" /I"D:\cloudcompare\CloudCompare-2.11.1\CloudCompare_develop\ccViewer" /I"D:\cloudcompare\CloudCompare-2.11.1\CloudCompare_develop\build\ccViewer\ccViewer_autogen\include_Release" /ID:\Qt\Qt5.7.0\5.7\msvc2015_64\include\QtPrintSupport /I"D:\cloudcompare\CloudCompare-2.11.1\CloudCompare_develop\libs\CCFbo\include" /I"D:\cloudcompare\CloudCompare-2.11.1\CloudCompare_develop\CC\include" /I"D:\cloudcompare\CloudCompare-2.11.1\CloudCompare_develop\libs\qCC_db" /I"D:\cloudcompare\CloudCompare-2.11.1\CloudCompare_develop\libs\qCC_db\msvc" /I"D:\cloudcompare\CloudCompare-2.11.1\CloudCompare_develop\libs\qCC_io" /I"D:\cloudcompare\CloudCompare-2.11.1\CloudCompare_develop\libs\qCC_glWindow" /I"D:\cloudcompare\CloudCompare-2.11.1\CloudCompare_develop\plugins" /I"D:\cloudcompare\CloudCompare-2.11.1\CloudCompare_develop\ccViewer\..\common" /I"D:\cloudcompare\CloudCompare-2.11.1\CloudCompare_develop\ccViewer\..\qCC" /ID:\Qt\Qt5.7.0\5.7\msvc2015_64\include /ID:\Qt\Qt5.7.0\5.7\msvc2015_64\include\QtOpenGL /ID:\Qt\Qt5.7.0\5.7\msvc2015_64\include\QtWidgets /ID:\Qt\Qt5.7.0\5.7\msvc2015_64\include\QtGui /ID:\Qt\Qt5.7.0\5.7\msvc2015_64\include\QtCore /I"D:\Qt\Qt5.7.0\5.7\msvc2015_64\.\mkspecs\win32-msvc2015" /ID:\Qt\Qt5.7.0\5.7\msvc2015_64\include\QtConcurrent /ID:\Qt\Qt5.7.0\5.7\msvc2015_64\include\QtOpenGLExtensions /nologo /W3 /WX- /O2 /Ob2 /D WIN32 /D _WINDOWS /D NDEBUG /D _SECURE_SCL=0 /D CC_VIEWER /D NOMINMAX /D _CRT_SECURE_NO_WARNINGS /D __STDC_LIMIT_MACROS /D SCALAR_TYPE_FLOAT /D QT_USE_QSTRINGBUILDER /D QT_CORE_LIB /D QT_NO_DEBUG /D QT_OPENGL_LIB /D QT_WIDGETS_LIB /D QT_GUI_LIB /D QT_OPENGLEXTENSIONS_LIB /D QT_CONCURRENT_LIB /D "CMAKE_INTDIR=\"Release\"" /D _MBCS /Gm- /EHsc /MD /GS /fp:precise /Zc:wchar_t /Zc:forScope /Zc:inline /GR /openmp /Fo"ccViewer.dir\Release\\" /Fd"ccViewer.dir\Release\vc140.pdb" /Gd /TP /errorReport:prompt "D:\cloudcompare\CloudCompare-2.11.1\CloudCompare_develop\ccViewer\ccviewer.cpp" "D:\cloudcompare\CloudCompare-2.11.1\CloudCompare_develop\common\ccPickingHub.cpp" "D:\cloudcompare\CloudCompare-2.11.1\CloudCompare_develop\common\ccPluginManager.cpp"
         ccviewer.cpp
         ccPickingHub.cpp
         ccPluginManager.cpp
         正在生成代码...
       Link:
         C:\Program Files (x86)\Microsoft Visual Studio 14.0\VC\bin\x86_amd64\link.exe /ERRORREPORT:PROMPT /OUT:"D:\cloudcompare\CloudCompare-2.11.1\CloudCompare_develop\build\ccViewer\Release\ccViewer.exe" /INCREMENTAL:NO /NOLOGO ..\libs\CCFbo\Release\CC_FBO_LIB.lib ..\libs\qCC_io\Release\QCC_IO_LIB.lib ..\libs\qCC_glWindow\Release\QCC_GL_LIB.lib D:\Qt\Qt5.7.0\5.7\msvc2015_64\lib\qtmain.lib ..\libs\qCC_db\Release\QCC_DB_LIB.lib ..\libs\CCFbo\Release\CC_FBO_LIB.lib ..\CC\Release\CC_CORE_LIB.lib D:\Qt\Qt5.7.0\5.7\msvc2015_64\lib\Qt5Widgets.lib D:\Qt\Qt5.7.0\5.7\msvc2015_64\lib\Qt5Gui.lib D:\Qt\Qt5.7.0\5.7\msvc2015_64\lib\Qt5Concurrent.lib D:\Qt\Qt5.7.0\5.7\msvc2015_64\lib\Qt5Core.lib D:\Qt\Qt5.7.0\5.7\msvc2015_64\lib\qtmain.lib D:\Qt\Qt5.7.0\5.7\msvc2015_64\lib\Qt5OpenGL.lib D:\Qt\Qt5.7.0\5.7\msvc2015_64\lib\Qt5Widgets.lib D:\Qt\Qt5.7.0\5.7\msvc2015_64\lib\Qt5OpenGLExtensions.lib D:\Qt\Qt5.7.0\5.7\msvc2015_64\lib\Qt5Gui.lib D:\Qt\Qt5.7.0\5.7\msvc2015_64\lib\Qt5Core.lib D:\Qt\Qt5.7.0\5.7\msvc2015_64\lib\qtmain.lib kernel32.lib user32.lib gdi32.lib winspool.lib shell32.lib ole32.lib oleaut32.lib uuid.lib comdlg32.lib advapi32.lib /MANIFEST:NO /PDB:"D:/cloudcompare/CloudCompare-2.11.1/CloudCompare_develop/build/ccViewer/Release/ccViewer.pdb" /SUBSYSTEM:WINDOWS /TLBID:1 /DYNAMICBASE /NXCOMPAT /IMPLIB:"D:/cloudcompare/CloudCompare-2.11.1/CloudCompare_develop/build/ccViewer/Release/ccViewer.lib" /MACHINE:X64  /machine:x64 ccViewer.dir\Release\cc_viewer_icon.res
         ccViewer.dir\Release\mocs_compilation.obj
         ccViewer.dir\Release\ccViewerApplication.obj
         ccViewer.dir\Release\ccviewer.obj
         ccViewer.dir\Release\main.obj
         ccViewer.dir\Release\ccApplicationBase.obj
         ccViewer.dir\Release\ccCameraParamEditDlg.obj
         ccViewer.dir\Release\ccDisplayOptionsDlg.obj
         ccViewer.dir\Release\ccOptions.obj
         ccViewer.dir\Release\ccOverlayDialog.obj
         ccViewer.dir\Release\ccPickingHub.obj
         ccViewer.dir\Release\ccPickOneElementDlg.obj
         ccViewer.dir\Release\ccPluginManager.obj
         ccViewer.dir\Release\ccStereoModeDlg.obj
         ccViewer.dir\Release\ccTranslationManager.obj
         ccViewer.vcxproj -> D:\cloudcompare\CloudCompare-2.11.1\CloudCompare_develop\build\ccViewer\Release\ccViewer.exe
     1>已完成生成项目“D:\cloudcompare\CloudCompare-2.11.1\CloudCompare_develop\build\ccViewer\ccViewer.vcxproj”(Build 个目标)的操作。

已成功生成。

已用时间 00:00:05.58
