生成启动时间为 2022/1/22 22:27:58。
     1>项目“D:\cloudcompare\CloudCompare-2.11.1\CloudCompare_develop\build\libs\qCC_io\QCC_IO_LIB.vcxproj”在节点 2 上(Build 个目标)。
     1>ClCompile:
         C:\Program Files (x86)\Microsoft Visual Studio 14.0\VC\bin\x86_amd64\CL.exe /c /I"D:\cloudcompare\CloudCompare-2.11.1\CloudCompare_develop\build\libs\qCC_io" /I"D:\cloudcompare\CloudCompare-2.11.1\CloudCompare_develop\libs\qCC_io" /I"D:\cloudcompare\CloudCompare-2.11.1\CloudCompare_develop\build\libs\qCC_io\QCC_IO_LIB_autogen\include_Release" /ID:\Qt\Qt5.7.0\5.7\msvc2015_64\include\QtPrintSupport /I"D:\cloudcompare\CloudCompare-2.11.1\CloudCompare_develop\CC\include" /I"D:\cloudcompare\CloudCompare-2.11.1\CloudCompare_develop\libs\CCFbo\include" /I"D:\cloudcompare\CloudCompare-2.11.1\CloudCompare_develop\libs\qCC_db" /I"D:\cloudcompare\CloudCompare-2.11.1\CloudCompare_develop\libs\qCC_db\msvc" /ID:\Qt\Qt5.7.0\5.7\msvc2015_64\include /ID:\Qt\Qt5.7.0\5.7\msvc2015_64\include\QtOpenGL /ID:\Qt\Qt5.7.0\5.7\msvc2015_64\include\QtWidgets /ID:\Qt\Qt5.7.0\5.7\msvc2015_64\include\QtGui /ID:\Qt\Qt5.7.0\5.7\msvc2015_64\include\QtCore /I"D:\Qt\Qt5.7.0\5.7\msvc2015_64\.\mkspecs\win32-msvc2015" /ID:\Qt\Qt5.7.0\5.7\msvc2015_64\include\QtConcurrent /ID:\Qt\Qt5.7.0\5.7\msvc2015_64\include\QtOpenGLExtensions /nologo /W3 /WX- /O2 /Ob2 /D WIN32 /D _WINDOWS /D NDEBUG /D _SECURE_SCL=0 /D QCC_IO_LIBRARY_BUILD /D NOMINMAX /D _CRT_SECURE_NO_WARNINGS /D __STDC_LIMIT_MACROS /D SCALAR_TYPE_FLOAT /D QT_USE_QSTRINGBUILDER /D QT_CORE_LIB /D QT_NO_DEBUG /D QT_WIDGETS_LIB /D QT_GUI_LIB /D QT_CONCURRENT_LIB /D QT_OPENGL_LIB /D QT_OPENGLEXTENSIONS_LIB /D "CMAKE_INTDIR=\"Release\"" /D QCC_IO_LIB_EXPORTS /D _WINDLL /D _MBCS /Gm- /EHsc /MD /GS /fp:precise /Zc:wchar_t /Zc:forScope /Zc:inline /GR /openmp /Fo"QCC_IO_LIB.dir\Release\\" /Fd"QCC_IO_LIB.dir\Release\vc140.pdb" /Gd /TP /errorReport:prompt "D:\cloudcompare\CloudCompare-2.11.1\CloudCompare_develop\build\libs\qCC_io\QCC_IO_LIB_autogen\mocs_compilation.cpp" "D:\cloudcompare\CloudCompare-2.11.1\CloudCompare_develop\libs\qCC_io\AsciiFilter.cpp" "D:\cloudcompare\CloudCompare-2.11.1\CloudCompare_develop\libs\qCC_io\AsciiOpenDlg.cpp" "D:\cloudcompare\CloudCompare-2.11.1\CloudCompare_develop\libs\qCC_io\AsciiSaveDlg.cpp" "D:\cloudcompare\CloudCompare-2.11.1\CloudCompare_develop\libs\qCC_io\BinFilter.cpp" "D:\cloudcompare\CloudCompare-2.11.1\CloudCompare_develop\libs\qCC_io\DepthMapFileFilter.cpp" "D:\cloudcompare\CloudCompare-2.11.1\CloudCompare_develop\libs\qCC_io\DxfFilter.cpp" "D:\cloudcompare\CloudCompare-2.11.1\CloudCompare_develop\libs\qCC_io\FileIO.cpp" "D:\cloudcompare\CloudCompare-2.11.1\CloudCompare_develop\libs\qCC_io\FileIOFilter.cpp" "D:\cloudcompare\CloudCompare-2.11.1\CloudCompare_develop\libs\qCC_io\ImageFileFilter.cpp" "D:\cloudcompare\CloudCompare-2.11.1\CloudCompare_develop\libs\qCC_io\PlyFilter.cpp" "D:\cloudcompare\CloudCompare-2.11.1\CloudCompare_develop\libs\qCC_io\PlyOpenDlg.cpp" "D:\cloudcompare\CloudCompare-2.11.1\CloudCompare_develop\libs\qCC_io\RasterGridFilter.cpp" "D:\cloudcompare\CloudCompare-2.11.1\CloudCompare_develop\libs\qCC_io\ShpDBFFields.cpp" "D:\cloudcompare\CloudCompare-2.11.1\CloudCompare_develop\libs\qCC_io\ShpFilter.cpp" "D:\cloudcompare\CloudCompare-2.11.1\CloudCompare_develop\libs\qCC_io\ccGlobalShiftManager.cpp" "D:\cloudcompare\CloudCompare-2.11.1\CloudCompare_develop\libs\qCC_io\ccShiftAndScaleCloudDlg.cpp"
         mocs_compilation.cpp
         AsciiFilter.cpp
         AsciiOpenDlg.cpp
         AsciiSaveDlg.cpp
         BinFilter.cpp
         DepthMapFileFilter.cpp
         DxfFilter.cpp
         FileIO.cpp
         FileIOFilter.cpp
         ImageFileFilter.cpp
         PlyFilter.cpp
         PlyOpenDlg.cpp
         RasterGridFilter.cpp
         ShpDBFFields.cpp
         ShpFilter.cpp
         ccGlobalShiftManager.cpp
         ccShiftAndScaleCloudDlg.cpp
         正在生成代码...
         C:\Program Files (x86)\Microsoft Visual Studio 14.0\VC\bin\x86_amd64\CL.exe /c /I"D:\cloudcompare\CloudCompare-2.11.1\CloudCompare_develop\build\libs\qCC_io" /I"D:\cloudcompare\CloudCompare-2.11.1\CloudCompare_develop\libs\qCC_io" /I"D:\cloudcompare\CloudCompare-2.11.1\CloudCompare_develop\build\libs\qCC_io\QCC_IO_LIB_autogen\include_Release" /ID:\Qt\Qt5.7.0\5.7\msvc2015_64\include\QtPrintSupport /I"D:\cloudcompare\CloudCompare-2.11.1\CloudCompare_develop\CC\include" /I"D:\cloudcompare\CloudCompare-2.11.1\CloudCompare_develop\libs\CCFbo\include" /I"D:\cloudcompare\CloudCompare-2.11.1\CloudCompare_develop\libs\qCC_db" /I"D:\cloudcompare\CloudCompare-2.11.1\CloudCompare_develop\libs\qCC_db\msvc" /ID:\Qt\Qt5.7.0\5.7\msvc2015_64\include /ID:\Qt\Qt5.7.0\5.7\msvc2015_64\include\QtOpenGL /ID:\Qt\Qt5.7.0\5.7\msvc2015_64\include\QtWidgets /ID:\Qt\Qt5.7.0\5.7\msvc2015_64\include\QtGui /ID:\Qt\Qt5.7.0\5.7\msvc2015_64\include\QtCore /I"D:\Qt\Qt5.7.0\5.7\msvc2015_64\.\mkspecs\win32-msvc2015" /ID:\Qt\Qt5.7.0\5.7\msvc2015_64\include\QtConcurrent /ID:\Qt\Qt5.7.0\5.7\msvc2015_64\include\QtOpenGLExtensions /nologo /W3 /WX- /O2 /Ob2 /D WIN32 /D _WINDOWS /D NDEBUG /D _SECURE_SCL=0 /D QCC_IO_LIBRARY_BUILD /D NOMINMAX /D _CRT_SECURE_NO_WARNINGS /D __STDC_LIMIT_MACROS /D SCALAR_TYPE_FLOAT /D QT_USE_QSTRINGBUILDER /D QT_CORE_LIB /D QT_NO_DEBUG /D QT_WIDGETS_LIB /D QT_GUI_LIB /D QT_CONCURRENT_LIB /D QT_OPENGL_LIB /D QT_OPENGLEXTENSIONS_LIB /D "CMAKE_INTDIR=\"Release\"" /D QCC_IO_LIB_EXPORTS /D _WINDLL /D _MBCS /Gm- /EHsc /MD /GS /fp:precise /Zc:wchar_t /Zc:forScope /Zc:inline /GR /openmp /Fo"QCC_IO_LIB.dir\Release\\" /Fd"QCC_IO_LIB.dir\Release\vc140.pdb" /Gd /TC /errorReport:prompt "D:\cloudcompare\CloudCompare-2.11.1\CloudCompare_develop\libs\qCC_io\rply.c"
         rply.c
       Link:
         C:\Program Files (x86)\Microsoft Visual Studio 14.0\VC\bin\x86_amd64\link.exe /ERRORREPORT:PROMPT /OUT:"D:\cloudcompare\CloudCompare-2.11.1\CloudCompare_develop\build\libs\qCC_io\Release\QCC_IO_LIB.dll" /INCREMENTAL:NO /NOLOGO ..\CCFbo\Release\CC_FBO_LIB.lib ..\qCC_db\Release\QCC_DB_LIB.lib ..\..\CC\Release\CC_CORE_LIB.lib D:\Qt\Qt5.7.0\5.7\msvc2015_64\lib\Qt5Widgets.lib D:\Qt\Qt5.7.0\5.7\msvc2015_64\lib\Qt5Gui.lib D:\Qt\Qt5.7.0\5.7\msvc2015_64\lib\Qt5Concurrent.lib D:\Qt\Qt5.7.0\5.7\msvc2015_64\lib\Qt5Core.lib ..\CCFbo\Release\CC_FBO_LIB.lib D:\Qt\Qt5.7.0\5.7\msvc2015_64\lib\Qt5OpenGLExtensions.lib D:\Qt\Qt5.7.0\5.7\msvc2015_64\lib\Qt5OpenGL.lib D:\Qt\Qt5.7.0\5.7\msvc2015_64\lib\Qt5Widgets.lib D:\Qt\Qt5.7.0\5.7\msvc2015_64\lib\Qt5Gui.lib D:\Qt\Qt5.7.0\5.7\msvc2015_64\lib\Qt5Core.lib kernel32.lib user32.lib gdi32.lib winspool.lib shell32.lib ole32.lib oleaut32.lib uuid.lib comdlg32.lib advapi32.lib /MANIFEST /MANIFESTUAC:"level='asInvoker' uiAccess='false'" /manifest:embed /PDB:"D:/cloudcompare/CloudCompare-2.11.1/CloudCompare_develop/build/libs/qCC_io/Release/QCC_IO_LIB.pdb" /SUBSYSTEM:CONSOLE /TLBID:1 /DYNAMICBASE /NXCOMPAT /IMPLIB:"D:/cloudcompare/CloudCompare-2.11.1/CloudCompare_develop/build/libs/qCC_io/Release/QCC_IO_LIB.lib" /MACHINE:X64  /machine:x64 /DLL QCC_IO_LIB.dir\Release\mocs_compilation.obj
         QCC_IO_LIB.dir\Release\AsciiFilter.obj
         QCC_IO_LIB.dir\Release\AsciiOpenDlg.obj
         QCC_IO_LIB.dir\Release\AsciiSaveDlg.obj
         QCC_IO_LIB.dir\Release\BinFilter.obj
         QCC_IO_LIB.dir\Release\DepthMapFileFilter.obj
         QCC_IO_LIB.dir\Release\DxfFilter.obj
         QCC_IO_LIB.dir\Release\FileIO.obj
         QCC_IO_LIB.dir\Release\FileIOFilter.obj
         QCC_IO_LIB.dir\Release\ImageFileFilter.obj
         QCC_IO_LIB.dir\Release\PlyFilter.obj
         QCC_IO_LIB.dir\Release\PlyOpenDlg.obj
         QCC_IO_LIB.dir\Release\RasterGridFilter.obj
         QCC_IO_LIB.dir\Release\ShpDBFFields.obj
         QCC_IO_LIB.dir\Release\ShpFilter.obj
         QCC_IO_LIB.dir\Release\ccGlobalShiftManager.obj
         QCC_IO_LIB.dir\Release\ccShiftAndScaleCloudDlg.obj
         QCC_IO_LIB.dir\Release\rply.obj
           正在创建库 D:/cloudcompare/CloudCompare-2.11.1/CloudCompare_develop/build/libs/qCC_io/Release/QCC_IO_LIB.lib 和对象 D:/cloudcompare/CloudCompare-2.11.1/CloudCompare_develop/build/libs/qCC_io/Release/QCC_IO_LIB.exp
         QCC_IO_LIB.vcxproj -> D:\cloudcompare\CloudCompare-2.11.1\CloudCompare_develop\build\libs\qCC_io\Release\QCC_IO_LIB.dll
     1>已完成生成项目“D:\cloudcompare\CloudCompare-2.11.1\CloudCompare_develop\build\libs\qCC_io\QCC_IO_LIB.vcxproj”(Build 个目标)的操作。

已成功生成。

已用时间 00:00:20.65
