生成启动时间为 2022/2/10 20:44:53。
     1>项目“D:\cloudcompare\CloudCompare-2.11.1\CloudCompare_develop\build\libs\qCC_db\QCC_DB_LIB.vcxproj”在节点 2 上(Build 个目标)。
     1>PreBuildEvent:
         setlocal
         cd D:\cloudcompare\CloudCompare-2.11.1\CloudCompare_develop\build\libs\qCC_db
         if %errorlevel% neq 0 goto :cmEnd
         D:
         if %errorlevel% neq 0 goto :cmEnd
         F:\cmake-3.15.1-win64-x64\bin\cmake.exe -E cmake_autogen D:/cloudcompare/CloudCompare-2.11.1/CloudCompare_develop/build/libs/qCC_db/CMakeFiles/QCC_DB_LIB_autogen.dir/AutogenInfo.cmake Release
         if %errorlevel% neq 0 goto :cmEnd
         :cmEnd
         endlocal & call :cmErrorLevel %errorlevel% & goto :cmDone
         :cmErrorLevel
         exit /b %1
         :cmDone
         if %errorlevel% neq 0 goto :VCEnd
         :VCEnd
       Link:
         QCC_DB_LIB.vcxproj -> D:\cloudcompare\CloudCompare-2.11.1\CloudCompare_develop\build\libs\qCC_db\Release\QCC_DB_LIB.dll
     1>已完成生成项目“D:\cloudcompare\CloudCompare-2.11.1\CloudCompare_develop\build\libs\qCC_db\QCC_DB_LIB.vcxproj”(Build 个目标)的操作。

已成功生成。

已用时间 00:00:00.28
